Erstelle und aktiviere virtuelle Umgebung...
Installiere benötigte Pakete...
Requirement already satisfied: pip in ./venv/lib/python3.11/site-packages (24.3.1)
Requirement already satisfied: setuptools in ./venv/lib/python3.11/site-packages (75.6.0)
Requirement already satisfied: wheel in ./venv/lib/python3.11/site-packages (0.45.1)
Requirement already satisfied: numpy in ./venv/lib/python3.11/site-packages (2.2.0)
Requirement already satisfied: pandas in ./venv/lib/python3.11/site-packages (2.2.3)
Requirement already satisfied: matplotlib in ./venv/lib/python3.11/site-packages (3.10.0)
Requirement already satisfied: python-dateutil>=2.8.2 in ./venv/lib/python3.11/site-packages (from pandas) (2.9.0.post0)
Requirement already satisfied: pytz>=2020.1 in ./venv/lib/python3.11/site-packages (from pandas) (2024.2)
Requirement already satisfied: tzdata>=2022.7 in ./venv/lib/python3.11/site-packages (from pandas) (2024.2)
Requirement already satisfied: contourpy>=1.0.1 in ./venv/lib/python3.11/site-packages (from matplotlib) (1.3.1)
Requirement already satisfied: cycler>=0.10 in ./venv/lib/python3.11/site-packages (from matplotlib) (0.12.1)
Requirement already satisfied: fonttools>=4.22.0 in ./venv/lib/python3.11/site-packages (from matplotlib) (4.55.3)
Requirement already satisfied: kiwisolver>=1.3.1 in ./venv/lib/python3.11/site-packages (from matplotlib) (1.4.7)
Requirement already satisfied: packaging>=20.0 in ./venv/lib/python3.11/site-packages (from matplotlib) (24.2)
Requirement already satisfied: pillow>=8 in ./venv/lib/python3.11/site-packages (from matplotlib) (11.0.0)
Requirement already satisfied: pyparsing>=2.3.1 in ./venv/lib/python3.11/site-packages (from matplotlib) (3.2.0)
Requirement already satisfied: six>=1.5 in ./venv/lib/python3.11/site-packages (from python-dateutil>=2.8.2->pandas) (1.17.0)
Installierte Pakete:
Package         Version
--------------- -----------
contourpy       1.3.1
cycler          0.12.1
fonttools       4.55.3
kiwisolver      1.4.7
matplotlib      3.10.0
numpy           2.2.0
packaging       24.2
pandas          2.2.3
pillow          11.0.0
pip             24.3.1
pyparsing       3.2.0
python-dateutil 2.9.0.post0
pytz            2024.2
setuptools      75.6.0
six             1.17.0
tzdata          2024.2
wheel           0.45.1
Starte Python-Skript...
Starting parallelized execution...
Parallelized Execution Time: 87.48 seconds
Parallelized Results: [(1.0, 1e-07, np.float64(804.9153168246223)), (1.1, 1e-07, np.float64(837.1187781781363)), (1.0, 1e-06, np.float64(669.0315427336028)), (1.1, 1e-06, np.float64(677.9404268660155))]
