Erstelle und aktiviere virtuelle Umgebung...
Installiere benötigte Pakete...
Requirement already satisfied: pip in ./venv/lib/python3.11/site-packages (24.3.1)
Requirement already satisfied: setuptools in ./venv/lib/python3.11/site-packages (75.6.0)
Requirement already satisfied: wheel in ./venv/lib/python3.11/site-packages (0.45.1)
Requirement already satisfied: numpy in ./venv/lib/python3.11/site-packages (2.2.0)
Requirement already satisfied: pandas in ./venv/lib/python3.11/site-packages (2.2.3)
Requirement already satisfied: matplotlib in ./venv/lib/python3.11/site-packages (3.10.0)
Requirement already satisfied: python-dateutil>=2.8.2 in ./venv/lib/python3.11/site-packages (from pandas) (2.9.0.post0)
Requirement already satisfied: pytz>=2020.1 in ./venv/lib/python3.11/site-packages (from pandas) (2024.2)
Requirement already satisfied: tzdata>=2022.7 in ./venv/lib/python3.11/site-packages (from pandas) (2024.2)
Requirement already satisfied: contourpy>=1.0.1 in ./venv/lib/python3.11/site-packages (from matplotlib) (1.3.1)
Requirement already satisfied: cycler>=0.10 in ./venv/lib/python3.11/site-packages (from matplotlib) (0.12.1)
Requirement already satisfied: fonttools>=4.22.0 in ./venv/lib/python3.11/site-packages (from matplotlib) (4.55.3)
Requirement already satisfied: kiwisolver>=1.3.1 in ./venv/lib/python3.11/site-packages (from matplotlib) (1.4.7)
Requirement already satisfied: packaging>=20.0 in ./venv/lib/python3.11/site-packages (from matplotlib) (24.2)
Requirement already satisfied: pillow>=8 in ./venv/lib/python3.11/site-packages (from matplotlib) (11.0.0)
Requirement already satisfied: pyparsing>=2.3.1 in ./venv/lib/python3.11/site-packages (from matplotlib) (3.2.0)
Requirement already satisfied: six>=1.5 in ./venv/lib/python3.11/site-packages (from python-dateutil>=2.8.2->pandas) (1.17.0)
Installierte Pakete:
Package         Version
--------------- -----------
contourpy       1.3.1
cycler          0.12.1
fonttools       4.55.3
kiwisolver      1.4.7
matplotlib      3.10.0
numpy           2.2.0
packaging       24.2
pandas          2.2.3
pillow          11.0.0
pip             24.3.1
pyparsing       3.2.0
python-dateutil 2.9.0.post0
pytz            2024.2
setuptools      75.6.0
six             1.17.0
tzdata          2024.2
wheel           0.45.1
Starte Python-Skript...
Testing T0=2.2222222222222223, sigma=6.669999999999999e-07
Testing T0=3.3333333333333335, sigma=1e-06
Testing T0=7.777777777777779, sigma=2.2299999999999997e-07
Testing T0=3.3333333333333335, sigma=1e-09
Testing T0=4.444444444444445, sigma=6.669999999999999e-07
Testing T0=7.777777777777779, sigma=3.34e-07
Testing T0=1.1111111111111112, sigma=4.45e-07
Testing T0=4.444444444444445, sigma=1e-09
Testing T0=7.777777777777779, sigma=1.1199999999999998e-07
Testing T0=0.0, sigma=2.2299999999999997e-07
Testing T0=3.3333333333333335, sigma=7.779999999999999e-07
Testing T0=7.777777777777779, sigma=6.669999999999999e-07
Testing T0=0.0, sigma=1e-06
Testing T0=3.3333333333333335, sigma=6.669999999999999e-07
Testing T0=6.666666666666667, sigma=4.45e-07
Testing T0=0.0, sigma=1.1199999999999998e-07
Testing T0=4.444444444444445, sigma=5.56e-07
Testing T0=8.88888888888889, sigma=8.889999999999999e-07
Testing T0=2.2222222222222223, sigma=7.779999999999999e-07
Testing T0=3.3333333333333335, sigma=3.34e-07
Testing T0=7.777777777777779, sigma=1e-09
Testing T0=2.2222222222222223, sigma=5.56e-07
Testing T0=4.444444444444445, sigma=7.779999999999999e-07
Testing T0=7.777777777777779, sigma=4.45e-07
Testing T0=0.0, sigma=6.669999999999999e-07
Testing T0=3.3333333333333335, sigma=8.889999999999999e-07
Testing T0=6.666666666666667, sigma=8.889999999999999e-07
Testing T0=2.2222222222222223, sigma=4.45e-07
Testing T0=6.666666666666667, sigma=3.34e-07
Testing T0=10.0, sigma=4.45e-07
Testing T0=1.1111111111111112, sigma=6.669999999999999e-07
Testing T0=4.444444444444445, sigma=4.45e-07
Testing T0=7.777777777777779, sigma=5.56e-07
Best Hyperparameters: T0=1.1111111111111112, Sigma=8.889999999999999e-07
Final Optimized Parameters (Center of Mass): [1.82360727e+03 2.98732590e-01 5.24512609e+00 1.83331786e+03
 1.79814711e-01 4.32803690e+00 1.84361866e+03 2.30489060e-01
 5.25259838e+00 1.85583663e+03 2.21540533e-01 4.83661672e+00
 1.86676756e+03 1.86362016e-01 4.36250037e+00 1.87877726e+03
 2.58089887e-01 4.57714563e+00 1.88921077e+03 2.51112504e-01
 4.81102114e+00 1.90164500e+03 2.82827896e-01 4.84465448e+00
 1.91326682e+03 2.32620572e-01 4.57040030e+00 1.92325789e+03
 2.51831770e-01 4.67929234e+00]
